#
# There is insufficient memory for the Java Runtime Environment to continue.
# Native memory allocation (malloc) failed to allocate 253776 bytes. Error detail: Chunk::new
# Possible reasons:
#   The system is out of physical RAM or swap space
#   This process is running with CompressedOops enabled, and the Java Heap may be blocking the growth of the native heap
# Possible solutions:
#   Reduce memory load on the system
#   Increase physical memory or swap space
#   Check if swap backing store is full
#   Decrease Java heap size (-Xmx/-Xms)
#   Decrease number of Java threads
#   Decrease Java thread stack sizes (-Xss)
#   Set larger code cache with -XX:ReservedCodeCacheSize=
#   JVM is running with Unscaled Compressed Oops mode in which the Java heap is
#     placed in the first 4GB address space. The Java Heap base address is the
#     maximum limit for the native heap growth. Please use -XX:HeapBaseMinAddress
#     to set the Java Heap base and to place the Java Heap above 4GB virtual address.
# This output file may be truncated or incomplete.
#
#  Out of Memory Error (arena.cpp:168), pid=26144, tid=36328
#
# JRE version: OpenJDK Runtime Environment Temurin-21.0.6+7 (21.0.6+7) (build 21.0.6+7-LTS)
# Java VM: OpenJDK 64-Bit Server VM Temurin-21.0.6+7 (21.0.6+7-LTS, mixed mode, sharing, tiered, compressed oops, compressed class ptrs, parallel gc, windows-amd64)
# No core dump will be written. Minidumps are not enabled by default on client versions of Windows
#

---------------  S U M M A R Y ------------

Command Line: --add-modules=ALL-SYSTEM --add-opens=java.base/java.util=ALL-UNNAMED --add-opens=java.base/java.lang=ALL-UNNAMED --add-opens=java.base/sun.nio.fs=ALL-UNNAMED -Declipse.application=org.eclipse.jdt.ls.core.id1 -Dosgi.bundles.defaultStartLevel=4 -Declipse.product=org.eclipse.jdt.ls.core.product -Djava.import.generatesMetadataFilesAtProjectRoot=false -DDetectVMInstallationsJob.disabled=true -Dfile.encoding=utf8 -XX:+UseParallelGC -XX:GCTimeRatio=4 -XX:AdaptiveSizePolicyWeight=90 -Dsun.zip.disableMemoryMapping=true -Xmx1G -Xms100m -Xlog:disable -javaagent:c:\Users\kimvt\.vscode\extensions\redhat.java-1.41.1-win32-x64\lombok\lombok-1.18.36.jar c:\Users\kimvt\.vscode\extensions\redhat.java-1.41.1-win32-x64\server\plugins\org.eclipse.equinox.launcher_1.7.0.v20250331-1702.jar -configuration c:\Users\kimvt\AppData\Roaming\Code\User\globalStorage\redhat.java\1.41.1\config_ss_win -data c:\Users\kimvt\AppData\Roaming\Code\User\workspaceStorage\a9498711f6fddfcc98f3686cb1ca7122\redhat.java\ss_ws --pipe=\\.\pipe\lsp-c61b8668354f1867847177723847763a-sock

Host: Intel(R) Core(TM) i5-10300H CPU @ 2.50GHz, 8 cores, 7G,  Windows 10 , 64 bit Build 19041 (10.0.19041.5678)
Time: Sun May  4 10:02:53 2025 Romance Daylight Time elapsed time: 29.391444 seconds (0d 0h 0m 29s)

---------------  T H R E A D  ---------------

Current thread (0x0000018c4be4c080):  JavaThread "C2 CompilerThread0" daemon [_thread_in_native, id=36328, stack(0x0000001d08600000,0x0000001d08700000) (1024K)]


Current CompileTask:
C2:29391 8346 %     4       com.google.gson.stream.JsonWriter::string @ 37 (169 bytes)

Stack: [0x0000001d08600000,0x0000001d08700000]
Native frames: (J=compiled Java code, j=interpreted, Vv=VM code, C=native code)
V  [jvm.dll+0x6cdee9]
V  [jvm.dll+0x8a83d1]
V  [jvm.dll+0x8aa8fe]
V  [jvm.dll+0x8aafe3]
V  [jvm.dll+0x27f706]
V  [jvm.dll+0xc500d]
V  [jvm.dll+0xc5543]
V  [jvm.dll+0x3b6752]
V  [jvm.dll+0x382935]
V  [jvm.dll+0x381d9a]
V  [jvm.dll+0x2479f0]
V  [jvm.dll+0x246fcf]
V  [jvm.dll+0x1c75ee]
V  [jvm.dll+0x25685a]
V  [jvm.dll+0x254dfa]
V  [jvm.dll+0x3f0256]
V  [jvm.dll+0x851f8b]
V  [jvm.dll+0x6cc5ed]
C  [ucrtbase.dll+0x21bb2]
C  [KERNEL32.DLL+0x17374]
C  [ntdll.dll+0x4cc91]


---------------  P R O C E S S  ---------------

Threads class SMR info:
_java_thread_list=0x0000018ca027bf60, length=58, elements={
0x0000018c37a91440, 0x0000018c4be3d550, 0x0000018c4be3edb0, 0x0000018c4be40930,
0x0000018c4be42230, 0x0000018c4be49e10, 0x0000018c4be4a860, 0x0000018c4be4c080,
0x0000018c4be73b30, 0x0000018c37afc690, 0x0000018c8eb68d60, 0x0000018c934cd710,
0x0000018c9366d240, 0x0000018c9366dca0, 0x0000018c935e2d10, 0x0000018c936c6af0,
0x0000018c93c0bd90, 0x0000018c93b59e80, 0x0000018c93b6ea40, 0x0000018c93b6b5c0,
0x0000018c93b6dd20, 0x0000018c93b6bc50, 0x0000018c93b6c2e0, 0x0000018c93b6c970,
0x0000018c93b6d000, 0x0000018c93b6e3b0, 0x0000018c93b6d690, 0x0000018c95152110,
0x0000018c951541e0, 0x0000018c95154870, 0x0000018c95157660, 0x0000018c95156fd0,
0x0000018c951527a0, 0x0000018c95156940, 0x0000018c95154f00, 0x0000018c951534c0,
0x0000018c95157cf0, 0x0000018c95150d60, 0x0000018c951562b0, 0x0000018c95158380,
0x0000018c951513f0, 0x0000018c95151a80, 0x0000018c95152e30, 0x0000018c95153b50,
0x0000018c95155590, 0x0000018c94bc9960, 0x0000018c94bcad10, 0x0000018c94bca680,
0x0000018c94bcb3a0, 0x0000018c94bc9ff0, 0x0000018c94bc85b0, 0x0000018c94bc5130,
0x0000018c94bc92d0, 0x0000018c94bc57c0, 0x0000018c94bcba30, 0x0000018c94bc6b70,
0x0000018c94bc8c40, 0x0000018c94bcc0c0
}

Java Threads: ( => current thread )
  0x0000018c37a91440 JavaThread "main"                              [_thread_blocked, id=38380, stack(0x0000001d07c00000,0x0000001d07d00000) (1024K)]
  0x0000018c4be3d550 JavaThread "Reference Handler"          daemon [_thread_blocked, id=15156, stack(0x0000001d08000000,0x0000001d08100000) (1024K)]
  0x0000018c4be3edb0 JavaThread "Finalizer"                  daemon [_thread_blocked, id=37068, stack(0x0000001d08100000,0x0000001d08200000) (1024K)]
  0x0000018c4be40930 JavaThread "Signal Dispatcher"          daemon [_thread_blocked, id=21248, stack(0x0000001d08200000,0x0000001d08300000) (1024K)]
  0x0000018c4be42230 JavaThread "Attach Listener"            daemon [_thread_blocked, id=28220, stack(0x0000001d08300000,0x0000001d08400000) (1024K)]
  0x0000018c4be49e10 JavaThread "Service Thread"             daemon [_thread_blocked, id=21544, stack(0x0000001d08400000,0x0000001d08500000) (1024K)]
  0x0000018c4be4a860 JavaThread "Monitor Deflation Thread"   daemon [_thread_blocked, id=4372, stack(0x0000001d08500000,0x0000001d08600000) (1024K)]
=>0x0000018c4be4c080 JavaThread "C2 CompilerThread0"         daemon [_thread_in_native, id=36328, stack(0x0000001d08600000,0x0000001d08700000) (1024K)]
  0x0000018c4be73b30 JavaThread "C1 CompilerThread0"         daemon [_thread_blocked, id=31116, stack(0x0000001d08700000,0x0000001d08800000) (1024K)]
  0x0000018c37afc690 JavaThread "Common-Cleaner"             daemon [_thread_blocked, id=38136, stack(0x0000001d08800000,0x0000001d08900000) (1024K)]
  0x0000018c8eb68d60 JavaThread "Notification Thread"        daemon [_thread_blocked, id=26244, stack(0x0000001d08900000,0x0000001d08a00000) (1024K)]
  0x0000018c934cd710 JavaThread "Active Thread: Equinox Container: fdd9f665-f5d1-45fd-9783-74d878cdaf15"        [_thread_blocked, id=32348, stack(0x0000001d09000000,0x0000001d09100000) (1024K)]
  0x0000018c9366d240 JavaThread "Framework Event Dispatcher: Equinox Container: fdd9f665-f5d1-45fd-9783-74d878cdaf15" daemon [_thread_blocked, id=33596, stack(0x0000001d09100000,0x0000001d09200000) (1024K)]
  0x0000018c9366dca0 JavaThread "Start Level: Equinox Container: fdd9f665-f5d1-45fd-9783-74d878cdaf15" daemon [_thread_blocked, id=35888, stack(0x0000001d09200000,0x0000001d09300000) (1024K)]
  0x0000018c935e2d10 JavaThread "SCR Component Actor"        daemon [_thread_blocked, id=39060, stack(0x0000001d09300000,0x0000001d09400000) (1024K)]
  0x0000018c936c6af0 JavaThread "Worker-JM"                         [_thread_blocked, id=23328, stack(0x0000001d09600000,0x0000001d09700000) (1024K)]
  0x0000018c93c0bd90 JavaThread "JNA Cleaner"                daemon [_thread_blocked, id=32192, stack(0x0000001d09700000,0x0000001d09800000) (1024K)]
  0x0000018c93b59e80 JavaThread "Worker-0"                          [_thread_blocked, id=5016, stack(0x0000001d09800000,0x0000001d09900000) (1024K)]
  0x0000018c93b6ea40 JavaThread "Worker-1"                          [_thread_blocked, id=25400, stack(0x0000001d09900000,0x0000001d09a00000) (1024K)]
  0x0000018c93b6b5c0 JavaThread "Thread-2"                   daemon [_thread_in_native, id=35596, stack(0x0000001d09b00000,0x0000001d09c00000) (1024K)]
  0x0000018c93b6dd20 JavaThread "Thread-3"                   daemon [_thread_in_native, id=18728, stack(0x0000001d09c00000,0x0000001d09d00000) (1024K)]
  0x0000018c93b6bc50 JavaThread "Thread-4"                   daemon [_thread_in_native, id=38360, stack(0x0000001d09d00000,0x0000001d09e00000) (1024K)]
  0x0000018c93b6c2e0 JavaThread "Thread-5"                   daemon [_thread_in_native, id=30972, stack(0x0000001d09e00000,0x0000001d09f00000) (1024K)]
  0x0000018c93b6c970 JavaThread "Thread-6"                   daemon [_thread_in_native, id=12644, stack(0x0000001d09f00000,0x0000001d0a000000) (1024K)]
  0x0000018c93b6d000 JavaThread "Thread-7"                   daemon [_thread_in_native, id=38260, stack(0x0000001d0a000000,0x0000001d0a100000) (1024K)]
  0x0000018c93b6e3b0 JavaThread "Thread-8"                   daemon [_thread_in_native, id=7468, stack(0x0000001d0a100000,0x0000001d0a200000) (1024K)]
  0x0000018c93b6d690 JavaThread "Thread-9"                   daemon [_thread_in_native, id=14944, stack(0x0000001d0a200000,0x0000001d0a300000) (1024K)]
  0x0000018c95152110 JavaThread "Thread-10"                  daemon [_thread_in_native, id=7736, stack(0x0000001d0a300000,0x0000001d0a400000) (1024K)]
  0x0000018c951541e0 JavaThread "pool-2-thread-1"                   [_thread_blocked, id=38496, stack(0x0000001d0a400000,0x0000001d0a500000) (1024K)]
  0x0000018c95154870 JavaThread "Worker-2"                          [_thread_blocked, id=10720, stack(0x0000001d0a500000,0x0000001d0a600000) (1024K)]
  0x0000018c95157660 JavaThread "WorkspaceEventsHandler"            [_thread_blocked, id=35384, stack(0x0000001d0a600000,0x0000001d0a700000) (1024K)]
  0x0000018c95156fd0 JavaThread "pool-1-thread-1"                   [_thread_blocked, id=36224, stack(0x0000001d0a700000,0x0000001d0a800000) (1024K)]
  0x0000018c951527a0 JavaThread "ForkJoinPool.commonPool-worker-1" daemon [_thread_blocked, id=17144, stack(0x0000001d0a800000,0x0000001d0a900000) (1024K)]
  0x0000018c95156940 JavaThread "ForkJoinPool.commonPool-worker-2" daemon [_thread_blocked, id=26796, stack(0x0000001d0a900000,0x0000001d0aa00000) (1024K)]
  0x0000018c95154f00 JavaThread "ForkJoinPool.commonPool-worker-3" daemon [_thread_blocked, id=32468, stack(0x0000001d0aa00000,0x0000001d0ab00000) (1024K)]
  0x0000018c951534c0 JavaThread "ForkJoinPool.commonPool-worker-4" daemon [_thread_blocked, id=23344, stack(0x0000001d0ab00000,0x0000001d0ac00000) (1024K)]
  0x0000018c95157cf0 JavaThread "ForkJoinPool.commonPool-worker-5" daemon [_thread_blocked, id=5116, stack(0x0000001d0ac00000,0x0000001d0ad00000) (1024K)]
  0x0000018c95150d60 JavaThread "LocalFile Deleter"          daemon [_thread_blocked, id=26000, stack(0x0000001d09500000,0x0000001d09600000) (1024K)]
  0x0000018c951562b0 JavaThread "LocalFile Deleter"          daemon [_thread_blocked, id=13168, stack(0x0000001d0ad00000,0x0000001d0ae00000) (1024K)]
  0x0000018c95158380 JavaThread "LocalFile Deleter"          daemon [_thread_blocked, id=32644, stack(0x0000001d0ae00000,0x0000001d0af00000) (1024K)]
  0x0000018c951513f0 JavaThread "LocalFile Deleter"          daemon [_thread_blocked, id=39168, stack(0x0000001d0af00000,0x0000001d0b000000) (1024K)]
  0x0000018c95151a80 JavaThread "LocalFile Deleter"          daemon [_thread_blocked, id=38004, stack(0x0000001d0b000000,0x0000001d0b100000) (1024K)]
  0x0000018c95152e30 JavaThread "LocalFile Deleter"          daemon [_thread_blocked, id=4144, stack(0x0000001d0b100000,0x0000001d0b200000) (1024K)]
  0x0000018c95153b50 JavaThread "Compiler Source File Reader" daemon [_thread_blocked, id=18608, stack(0x0000001d0b200000,0x0000001d0b300000) (1024K)]
  0x0000018c95155590 JavaThread "Compiler Source File Reader" daemon [_thread_blocked, id=2712, stack(0x0000001d0b300000,0x0000001d0b400000) (1024K)]
  0x0000018c94bc9960 JavaThread "Compiler Source File Reader" daemon [_thread_blocked, id=2616, stack(0x0000001d0b400000,0x0000001d0b500000) (1024K)]
  0x0000018c94bcad10 JavaThread "Compiler Source File Reader" daemon [_thread_blocked, id=25396, stack(0x0000001d0b500000,0x0000001d0b600000) (1024K)]
  0x0000018c94bca680 JavaThread "Compiler Source File Reader" daemon [_thread_blocked, id=16220, stack(0x0000001d0b600000,0x0000001d0b700000) (1024K)]
  0x0000018c94bcb3a0 JavaThread "Compiler Source File Reader" daemon [_thread_blocked, id=37776, stack(0x0000001d0b700000,0x0000001d0b800000) (1024K)]
  0x0000018c94bc9ff0 JavaThread "ForkJoinPool.commonPool-worker-6" daemon [_thread_blocked, id=3836, stack(0x0000001d0b800000,0x0000001d0b900000) (1024K)]
  0x0000018c94bc85b0 JavaThread "Compiler Processing Task"   daemon [_thread_blocked, id=31080, stack(0x0000001d0b900000,0x0000001d0ba00000) (1024K)]
  0x0000018c94bc5130 JavaThread "Compiler Class File Writer" daemon [_thread_blocked, id=9524, stack(0x0000001d0ba00000,0x0000001d0bb00000) (1024K)]
  0x0000018c94bc92d0 JavaThread "Compiler Class File Writer" daemon [_thread_blocked, id=20032, stack(0x0000001d0bb00000,0x0000001d0bc00000) (1024K)]
  0x0000018c94bc57c0 JavaThread "Compiler Class File Writer" daemon [_thread_blocked, id=18480, stack(0x0000001d0bc00000,0x0000001d0bd00000) (1024K)]
  0x0000018c94bcba30 JavaThread "Compiler Class File Writer" daemon [_thread_blocked, id=33348, stack(0x0000001d0bd00000,0x0000001d0be00000) (1024K)]
  0x0000018c94bc6b70 JavaThread "Compiler Class File Writer" daemon [_thread_blocked, id=9988, stack(0x0000001d0be00000,0x0000001d0bf00000) (1024K)]
  0x0000018c94bc8c40 JavaThread "Compiler Class File Writer" daemon [_thread_blocked, id=33416, stack(0x0000001d0bf00000,0x0000001d0c000000) (1024K)]
  0x0000018c94bcc0c0 JavaThread "ForkJoinPool.commonPool-worker-7" daemon [_thread_blocked, id=288, stack(0x0000001d09a00000,0x0000001d09b00000) (1024K)]
Total: 58

Other Threads:
  0x0000018c4be325c0 VMThread "VM Thread"                           [id=36576, stack(0x0000001d07f00000,0x0000001d08000000) (1024K)]
  0x0000018c37afafb0 WatcherThread "VM Periodic Task Thread"        [id=30092, stack(0x0000001d07e00000,0x0000001d07f00000) (1024K)]
  0x0000018c37aae5d0 WorkerThread "GC Thread#0"                     [id=8952, stack(0x0000001d07d00000,0x0000001d07e00000) (1024K)]
  0x0000018c932dad40 WorkerThread "GC Thread#1"                     [id=21524, stack(0x0000001d08a00000,0x0000001d08b00000) (1024K)]
  0x0000018c8ec61d60 WorkerThread "GC Thread#2"                     [id=39884, stack(0x0000001d08b00000,0x0000001d08c00000) (1024K)]
  0x0000018c936b8990 WorkerThread "GC Thread#3"                     [id=20184, stack(0x0000001d08c00000,0x0000001d08d00000) (1024K)]
  0x0000018c931516e0 WorkerThread "GC Thread#4"                     [id=20588, stack(0x0000001d08d00000,0x0000001d08e00000) (1024K)]
  0x0000018c93151a80 WorkerThread "GC Thread#5"                     [id=38400, stack(0x0000001d08e00000,0x0000001d08f00000) (1024K)]
  0x0000018c930dc480 WorkerThread "GC Thread#6"                     [id=35628, stack(0x0000001d08f00000,0x0000001d09000000) (1024K)]
  0x0000018c9345aaa0 WorkerThread "GC Thread#7"                     [id=39908, stack(0x0000001d09400000,0x0000001d09500000) (1024K)]
Total: 10

Threads with active compile tasks:
C2 CompilerThread0  29492 8346 %     4       com.google.gson.stream.JsonWriter::string @ 37 (169 bytes)
Total: 1

VM state: not at safepoint (normal execution)

VM Mutex/Monitor currently owned by a thread: None

Heap address: 0x00000000c0000000, size: 1024 MB, Compressed Oops mode: 32-bit

CDS archive(s) mapped at: [0x0000018c4c000000-0x0000018c4cba0000-0x0000018c4cba0000), size 12189696, SharedBaseAddress: 0x0000018c4c000000, ArchiveRelocationMode: 1.
Compressed class space mapped at: 0x0000018c4d000000-0x0000018c8d000000, reserved size: 1073741824
Narrow klass base: 0x0000018c4c000000, Narrow klass shift: 0, Narrow klass range: 0x100000000

GC Precious Log:
 CardTable entry size: 512
 CPUs: 8 total, 8 available
 Memory: 8059M
 Large Page Support: Disabled
 NUMA Support: Disabled
 Compressed Oops: Enabled (32-bit)
 Alignments: Space 512K, Generation 512K, Heap 2M
 Heap Min Capacity: 100M
 Heap Initial Capacity: 100M
 Heap Max Capacity: 1G
 Pre-touch: Disabled
 Parallel Workers: 8

Heap:
 PSYoungGen      total 22016K, used 1267K [0x00000000eab00000, 0x00000000ec900000, 0x0000000100000000)
  eden space 21504K, 4% used [0x00000000eab00000,0x00000000eabfcc10,0x00000000ec000000)
  from space 512K, 50% used [0x00000000ec280000,0x00000000ec2c0000,0x00000000ec300000)
  to   space 2048K, 0% used [0x00000000ec700000,0x00000000ec700000,0x00000000ec900000)
 ParOldGen       total 68608K, used 56478K [0x00000000c0000000, 0x00000000c4300000, 0x00000000eab00000)
  object space 68608K, 82% used [0x00000000c0000000,0x00000000c3727b00,0x00000000c4300000)
 Metaspace       used 47961K, committed 49088K, reserved 1114112K
  class space    used 4619K, committed 5120K, reserved 1048576K

Card table byte_map: [0x0000018c37440000,0x0000018c37650000] _byte_map_base: 0x0000018c36e40000

Marking Bits: (ParMarkBitMap*) 0x00007ffbe92c3260
 Begin Bits: [0x0000018c49c90000, 0x0000018c4ac90000)
 End Bits:   [0x0000018c4ac90000, 0x0000018c4bc90000)

Polling page: 0x0000018c35a50000

Metaspace:

Usage:
  Non-class:     42.33 MB used.
      Class:      4.51 MB used.
       Both:     46.84 MB used.

Virtual space:
  Non-class space:       64.00 MB reserved,      42.94 MB ( 67%) committed,  1 nodes.
      Class space:        1.00 GB reserved,       5.00 MB ( <1%) committed,  1 nodes.
             Both:        1.06 GB reserved,      47.94 MB (  4%) committed. 

Chunk freelists:
   Non-Class:  4.20 MB
       Class:  11.01 MB
        Both:  15.21 MB

MaxMetaspaceSize: unlimited
CompressedClassSpaceSize: 1.00 GB
Initial GC threshold: 21.00 MB
Current GC threshold: 58.38 MB
CDS: on
 - commit_granule_bytes: 65536.
 - commit_granule_words: 8192.
 - virtual_space_node_default_size: 8388608.
 - enlarge_chunks_in_place: 1.
 - use_allocation_guard: 0.


Internal statistics:

num_allocs_failed_limit: 6.
num_arena_births: 1182.
num_arena_deaths: 110.
num_vsnodes_births: 2.
num_vsnodes_deaths: 0.
num_space_committed: 767.
num_space_uncommitted: 0.
num_chunks_returned_to_freelist: 154.
num_chunks_taken_from_freelist: 3479.
num_chunk_merges: 52.
num_chunk_splits: 2092.
num_chunks_enlarged: 1109.
num_inconsistent_stats: 0.

CodeHeap 'non-profiled nmethods': size=120000Kb used=5128Kb max_used=5128Kb free=114872Kb
 bounds [0x0000018c42760000, 0x0000018c42c70000, 0x0000018c49c90000]
CodeHeap 'profiled nmethods': size=120000Kb used=19169Kb max_used=19169Kb free=100830Kb
 bounds [0x0000018c3ac90000, 0x0000018c3bf50000, 0x0000018c421c0000]
CodeHeap 'non-nmethods': size=5760Kb used=1425Kb max_used=1558Kb free=4334Kb
 bounds [0x0000018c421c0000, 0x0000018c42430000, 0x0000018c42760000]
 total_blobs=8706 nmethods=7971 adapters=638
 compilation: enabled
              stopped_count=0, restarted_count=0
 full_count=0

Compilation events (20 events):
Event: 29.322 Thread 0x0000018c4be73b30 8334       1       org.eclipse.lsp4j.DocumentSymbol::setDetail (6 bytes)
Event: 29.323 Thread 0x0000018c4be73b30 nmethod 8334 0x0000018c42c5e990 code [0x0000018c42c5eb20, 0x0000018c42c5ec00]
Event: 29.323 Thread 0x0000018c4be73b30 8337       3       org.eclipse.jdt.core.SourceRange::equals (44 bytes)
Event: 29.323 Thread 0x0000018c4be73b30 nmethod 8337 0x0000018c3bf44f90 code [0x0000018c3bf45160, 0x0000018c3bf45648]
Event: 29.323 Thread 0x0000018c4be73b30 8336       3       org.eclipse.jdt.core.Flags::isDeprecated (11 bytes)
Event: 29.323 Thread 0x0000018c4be73b30 nmethod 8336 0x0000018c3bf45790 code [0x0000018c3bf45940, 0x0000018c3bf45a98]
Event: 29.323 Thread 0x0000018c4be73b30 8338       3       org.eclipse.jdt.internal.core.Openable::getResource (37 bytes)
Event: 29.324 Thread 0x0000018c4be73b30 nmethod 8338 0x0000018c3bf45b10 code [0x0000018c3bf45d20, 0x0000018c3bf464e0]
Event: 29.324 Thread 0x0000018c4be73b30 8339       3       org.eclipse.jdt.core.Signature::getSimpleName (204 bytes)
Event: 29.324 Thread 0x0000018c4be4c080 nmethod 8330 0x0000018c42c5ec90 code [0x0000018c42c5ee60, 0x0000018c42c5f210]
Event: 29.324 Thread 0x0000018c4be4c080 8321       4       java.util.stream.AbstractPipeline::<init> (91 bytes)
Event: 29.325 Thread 0x0000018c4be73b30 nmethod 8339 0x0000018c3bf46690 code [0x0000018c3bf469a0, 0x0000018c3bf479d8]
Event: 29.325 Thread 0x0000018c4be73b30 8340       3       org.eclipse.jdt.internal.core.manipulation.JavaElementLabelComposerCore$FlexibleStringBufferCore::length (8 bytes)
Event: 29.325 Thread 0x0000018c4be73b30 nmethod 8340 0x0000018c3bf48090 code [0x0000018c3bf48240, 0x0000018c3bf48458]
Event: 29.326 Thread 0x0000018c4be4c080 nmethod 8321 0x0000018c42c5f610 code [0x0000018c42c5f7a0, 0x0000018c42c5f968]
Event: 29.337 Thread 0x0000018c4be4c080 8341       4       java.io.StringWriter::append (6 bytes)
Event: 29.348 Thread 0x0000018c4be4c080 nmethod 8341 0x0000018c42c5fb10 code [0x0000018c42c5fd20, 0x0000018c42c60840]
Event: 29.348 Thread 0x0000018c4be4c080 8343       4       java.io.StringWriter::write (14 bytes)
Event: 29.364 Thread 0x0000018c4be4c080 nmethod 8343 0x0000018c42c60e10 code [0x0000018c42c61000, 0x0000018c42c61a80]
Event: 29.364 Thread 0x0000018c4be4c080 8346 %     4       com.google.gson.stream.JsonWriter::string @ 37 (169 bytes)

GC Heap History (20 events):
Event: 11.009 GC heap before
{Heap before GC invocations=24 (full 2):
 PSYoungGen      total 22528K, used 22496K [0x00000000eab00000, 0x00000000ec400000, 0x0000000100000000)
  eden space 21504K, 100% used [0x00000000eab00000,0x00000000ec000000,0x00000000ec000000)
  from space 1024K, 96% used [0x00000000ec200000,0x00000000ec2f8010,0x00000000ec300000)
  to   space 1024K, 0% used [0x00000000ec300000,0x00000000ec300000,0x00000000ec400000)
 ParOldGen       total 68608K, used 33083K [0x00000000c0000000, 0x00000000c4300000, 0x00000000eab00000)
  object space 68608K, 48% used [0x00000000c0000000,0x00000000c204ed88,0x00000000c4300000)
 Metaspace       used 37857K, committed 38784K, reserved 1114112K
  class space    used 3705K, committed 4096K, reserved 1048576K
}
Event: 11.016 GC heap after
{Heap after GC invocations=24 (full 2):
 PSYoungGen      total 22528K, used 1016K [0x00000000eab00000, 0x00000000ec600000, 0x0000000100000000)
  eden space 21504K, 0% used [0x00000000eab00000,0x00000000eab00000,0x00000000ec000000)
  from space 1024K, 99% used [0x00000000ec300000,0x00000000ec3fe090,0x00000000ec400000)
  to   space 3072K, 0% used [0x00000000ec000000,0x00000000ec000000,0x00000000ec300000)
 ParOldGen       total 68608K, used 34641K [0x00000000c0000000, 0x00000000c4300000, 0x00000000eab00000)
  object space 68608K, 50% used [0x00000000c0000000,0x00000000c21d4700,0x00000000c4300000)
 Metaspace       used 37857K, committed 38784K, reserved 1114112K
  class space    used 3705K, committed 4096K, reserved 1048576K
}
Event: 11.153 GC heap before
{Heap before GC invocations=25 (full 2):
 PSYoungGen      total 22528K, used 22508K [0x00000000eab00000, 0x00000000ec600000, 0x0000000100000000)
  eden space 21504K, 99% used [0x00000000eab00000,0x00000000ebffd0a8,0x00000000ec000000)
  from space 1024K, 99% used [0x00000000ec300000,0x00000000ec3fe090,0x00000000ec400000)
  to   space 3072K, 0% used [0x00000000ec000000,0x00000000ec000000,0x00000000ec300000)
 ParOldGen       total 68608K, used 34641K [0x00000000c0000000, 0x00000000c4300000, 0x00000000eab00000)
  object space 68608K, 50% used [0x00000000c0000000,0x00000000c21d4700,0x00000000c4300000)
 Metaspace       used 37870K, committed 38784K, reserved 1114112K
  class space    used 3705K, committed 4096K, reserved 1048576K
}
Event: 11.155 GC heap after
{Heap after GC invocations=25 (full 2):
 PSYoungGen      total 22016K, used 270K [0x00000000eab00000, 0x00000000ec380000, 0x0000000100000000)
  eden space 21504K, 0% used [0x00000000eab00000,0x00000000eab00000,0x00000000ec000000)
  from space 512K, 52% used [0x00000000ec000000,0x00000000ec043830,0x00000000ec080000)
  to   space 1536K, 0% used [0x00000000ec200000,0x00000000ec200000,0x00000000ec380000)
 ParOldGen       total 68608K, used 35717K [0x00000000c0000000, 0x00000000c4300000, 0x00000000eab00000)
  object space 68608K, 52% used [0x00000000c0000000,0x00000000c22e17f8,0x00000000c4300000)
 Metaspace       used 37870K, committed 38784K, reserved 1114112K
  class space    used 3705K, committed 4096K, reserved 1048576K
}
Event: 12.032 GC heap before
{Heap before GC invocations=26 (full 2):
 PSYoungGen      total 22016K, used 21774K [0x00000000eab00000, 0x00000000ec380000, 0x0000000100000000)
  eden space 21504K, 100% used [0x00000000eab00000,0x00000000ec000000,0x00000000ec000000)
  from space 512K, 52% used [0x00000000ec000000,0x00000000ec043830,0x00000000ec080000)
  to   space 1536K, 0% used [0x00000000ec200000,0x00000000ec200000,0x00000000ec380000)
 ParOldGen       total 68608K, used 35717K [0x00000000c0000000, 0x00000000c4300000, 0x00000000eab00000)
  object space 68608K, 52% used [0x00000000c0000000,0x00000000c22e17f8,0x00000000c4300000)
 Metaspace       used 40511K, committed 41472K, reserved 1114112K
  class space    used 3965K, committed 4352K, reserved 1048576K
}
Event: 12.034 GC heap after
{Heap after GC invocations=26 (full 2):
 PSYoungGen      total 23040K, used 1536K [0x00000000eab00000, 0x00000000ec400000, 0x0000000100000000)
  eden space 21504K, 0% used [0x00000000eab00000,0x00000000eab00000,0x00000000ec000000)
  from space 1536K, 100% used [0x00000000ec200000,0x00000000ec380000,0x00000000ec380000)
  to   space 2048K, 0% used [0x00000000ec000000,0x00000000ec000000,0x00000000ec200000)
 ParOldGen       total 68608K, used 35794K [0x00000000c0000000, 0x00000000c4300000, 0x00000000eab00000)
  object space 68608K, 52% used [0x00000000c0000000,0x00000000c22f4a88,0x00000000c4300000)
 Metaspace       used 40511K, committed 41472K, reserved 1114112K
  class space    used 3965K, committed 4352K, reserved 1048576K
}
Event: 12.686 GC heap before
{Heap before GC invocations=27 (full 2):
 PSYoungGen      total 23040K, used 23040K [0x00000000eab00000, 0x00000000ec400000, 0x0000000100000000)
  eden space 21504K, 100% used [0x00000000eab00000,0x00000000ec000000,0x00000000ec000000)
  from space 1536K, 100% used [0x00000000ec200000,0x00000000ec380000,0x00000000ec380000)
  to   space 2048K, 0% used [0x00000000ec000000,0x00000000ec000000,0x00000000ec200000)
 ParOldGen       total 68608K, used 35794K [0x00000000c0000000, 0x00000000c4300000, 0x00000000eab00000)
  object space 68608K, 52% used [0x00000000c0000000,0x00000000c22f4a88,0x00000000c4300000)
 Metaspace       used 42494K, committed 43584K, reserved 1114112K
  class space    used 4188K, committed 4672K, reserved 1048576K
}
Event: 12.694 GC heap after
{Heap after GC invocations=27 (full 2):
 PSYoungGen      total 23552K, used 2018K [0x00000000eab00000, 0x00000000ecb00000, 0x0000000100000000)
  eden space 21504K, 0% used [0x00000000eab00000,0x00000000eab00000,0x00000000ec000000)
  from space 2048K, 98% used [0x00000000ec000000,0x00000000ec1f8a88,0x00000000ec200000)
  to   space 5632K, 0% used [0x00000000ec580000,0x00000000ec580000,0x00000000ecb00000)
 ParOldGen       total 68608K, used 38766K [0x00000000c0000000, 0x00000000c4300000, 0x00000000eab00000)
  object space 68608K, 56% used [0x00000000c0000000,0x00000000c25dbb10,0x00000000c4300000)
 Metaspace       used 42494K, committed 43584K, reserved 1114112K
  class space    used 4188K, committed 4672K, reserved 1048576K
}
Event: 13.605 GC heap before
{Heap before GC invocations=28 (full 2):
 PSYoungGen      total 23552K, used 23522K [0x00000000eab00000, 0x00000000ecb00000, 0x0000000100000000)
  eden space 21504K, 100% used [0x00000000eab00000,0x00000000ec000000,0x00000000ec000000)
  from space 2048K, 98% used [0x00000000ec000000,0x00000000ec1f8a88,0x00000000ec200000)
  to   space 5632K, 0% used [0x00000000ec580000,0x00000000ec580000,0x00000000ecb00000)
 ParOldGen       total 68608K, used 38766K [0x00000000c0000000, 0x00000000c4300000, 0x00000000eab00000)
  object space 68608K, 56% used [0x00000000c0000000,0x00000000c25dbb10,0x00000000c4300000)
 Metaspace       used 44356K, committed 45440K, reserved 1114112K
  class space    used 4327K, committed 4800K, reserved 1048576K
}
Event: 13.615 GC heap after
{Heap after GC invocations=28 (full 2):
 PSYoungGen      total 26112K, used 4155K [0x00000000eab00000, 0x00000000eca00000, 0x0000000100000000)
  eden space 21504K, 0% used [0x00000000eab00000,0x00000000eab00000,0x00000000ec000000)
  from space 4608K, 90% used [0x00000000ec580000,0x00000000ec98eed8,0x00000000eca00000)
  to   space 4608K, 0% used [0x00000000ec100000,0x00000000ec100000,0x00000000ec580000)
 ParOldGen       total 68608K, used 40747K [0x00000000c0000000, 0x00000000c4300000, 0x00000000eab00000)
  object space 68608K, 59% used [0x00000000c0000000,0x00000000c27cada0,0x00000000c4300000)
 Metaspace       used 44356K, committed 45440K, reserved 1114112K
  class space    used 4327K, committed 4800K, reserved 1048576K
}
Event: 23.047 GC heap before
{Heap before GC invocations=29 (full 2):
 PSYoungGen      total 26112K, used 25659K [0x00000000eab00000, 0x00000000eca00000, 0x0000000100000000)
  eden space 21504K, 100% used [0x00000000eab00000,0x00000000ec000000,0x00000000ec000000)
  from space 4608K, 90% used [0x00000000ec580000,0x00000000ec98eed8,0x00000000eca00000)
  to   space 4608K, 0% used [0x00000000ec100000,0x00000000ec100000,0x00000000ec580000)
 ParOldGen       total 68608K, used 40747K [0x00000000c0000000, 0x00000000c4300000, 0x00000000eab00000)
  object space 68608K, 59% used [0x00000000c0000000,0x00000000c27cada0,0x00000000c4300000)
 Metaspace       used 45478K, committed 46528K, reserved 1114112K
  class space    used 4397K, committed 4864K, reserved 1048576K
}
Event: 23.054 GC heap after
{Heap after GC invocations=29 (full 2):
 PSYoungGen      total 23552K, used 1817K [0x00000000eab00000, 0x00000000ec600000, 0x0000000100000000)
  eden space 21504K, 0% used [0x00000000eab00000,0x00000000eab00000,0x00000000ec000000)
  from space 2048K, 88% used [0x00000000ec100000,0x00000000ec2c6498,0x00000000ec300000)
  to   space 3072K, 0% used [0x00000000ec300000,0x00000000ec300000,0x00000000ec600000)
 ParOldGen       total 68608K, used 44626K [0x00000000c0000000, 0x00000000c4300000, 0x00000000eab00000)
  object space 68608K, 65% used [0x00000000c0000000,0x00000000c2b94a60,0x00000000c4300000)
 Metaspace       used 45478K, committed 46528K, reserved 1114112K
  class space    used 4397K, committed 4864K, reserved 1048576K
}
Event: 23.522 GC heap before
{Heap before GC invocations=30 (full 2):
 PSYoungGen      total 23552K, used 23321K [0x00000000eab00000, 0x00000000ec600000, 0x0000000100000000)
  eden space 21504K, 100% used [0x00000000eab00000,0x00000000ec000000,0x00000000ec000000)
  from space 2048K, 88% used [0x00000000ec100000,0x00000000ec2c6498,0x00000000ec300000)
  to   space 3072K, 0% used [0x00000000ec300000,0x00000000ec300000,0x00000000ec600000)
 ParOldGen       total 68608K, used 44626K [0x00000000c0000000, 0x00000000c4300000, 0x00000000eab00000)
  object space 68608K, 65% used [0x00000000c0000000,0x00000000c2b94a60,0x00000000c4300000)
 Metaspace       used 46539K, committed 47616K, reserved 1114112K
  class space    used 4510K, committed 4992K, reserved 1048576K
}
Event: 23.532 GC heap after
{Heap after GC invocations=30 (full 2):
 PSYoungGen      total 24576K, used 2433K [0x00000000eab00000, 0x00000000ec600000, 0x0000000100000000)
  eden space 21504K, 0% used [0x00000000eab00000,0x00000000eab00000,0x00000000ec000000)
  from space 3072K, 79% used [0x00000000ec300000,0x00000000ec560770,0x00000000ec600000)
  to   space 3072K, 0% used [0x00000000ec000000,0x00000000ec000000,0x00000000ec300000)
 ParOldGen       total 68608K, used 45739K [0x00000000c0000000, 0x00000000c4300000, 0x00000000eab00000)
  object space 68608K, 66% used [0x00000000c0000000,0x00000000c2caaca8,0x00000000c4300000)
 Metaspace       used 46539K, committed 47616K, reserved 1114112K
  class space    used 4510K, committed 4992K, reserved 1048576K
}
Event: 24.047 GC heap before
{Heap before GC invocations=31 (full 2):
 PSYoungGen      total 24576K, used 23935K [0x00000000eab00000, 0x00000000ec600000, 0x0000000100000000)
  eden space 21504K, 99% used [0x00000000eab00000,0x00000000ebfff7a8,0x00000000ec000000)
  from space 3072K, 79% used [0x00000000ec300000,0x00000000ec560770,0x00000000ec600000)
  to   space 3072K, 0% used [0x00000000ec000000,0x00000000ec000000,0x00000000ec300000)
 ParOldGen       total 68608K, used 45739K [0x00000000c0000000, 0x00000000c4300000, 0x00000000eab00000)
  object space 68608K, 66% used [0x00000000c0000000,0x00000000c2caaca8,0x00000000c4300000)
 Metaspace       used 46979K, committed 48128K, reserved 1114112K
  class space    used 4541K, committed 5056K, reserved 1048576K
}
Event: 24.054 GC heap after
{Heap after GC invocations=31 (full 2):
 PSYoungGen      total 24576K, used 3059K [0x00000000eab00000, 0x00000000ed100000, 0x0000000100000000)
  eden space 21504K, 0% used [0x00000000eab00000,0x00000000eab00000,0x00000000ec000000)
  from space 3072K, 99% used [0x00000000ec000000,0x00000000ec2fcc98,0x00000000ec300000)
  to   space 8704K, 0% used [0x00000000ec880000,0x00000000ec880000,0x00000000ed100000)
 ParOldGen       total 68608K, used 50066K [0x00000000c0000000, 0x00000000c4300000, 0x00000000eab00000)
  object space 68608K, 72% used [0x00000000c0000000,0x00000000c30e4ab8,0x00000000c4300000)
 Metaspace       used 46979K, committed 48128K, reserved 1114112K
  class space    used 4541K, committed 5056K, reserved 1048576K
}
Event: 24.585 GC heap before
{Heap before GC invocations=32 (full 2):
 PSYoungGen      total 24576K, used 24563K [0x00000000eab00000, 0x00000000ed100000, 0x0000000100000000)
  eden space 21504K, 100% used [0x00000000eab00000,0x00000000ec000000,0x00000000ec000000)
  from space 3072K, 99% used [0x00000000ec000000,0x00000000ec2fcc98,0x00000000ec300000)
  to   space 8704K, 0% used [0x00000000ec880000,0x00000000ec880000,0x00000000ed100000)
 ParOldGen       total 68608K, used 50066K [0x00000000c0000000, 0x00000000c4300000, 0x00000000eab00000)
  object space 68608K, 72% used [0x00000000c0000000,0x00000000c30e4ab8,0x00000000c4300000)
 Metaspace       used 47561K, committed 48704K, reserved 1114112K
  class space    used 4611K, committed 5120K, reserved 1048576K
}
Event: 24.590 GC heap after
{Heap after GC invocations=32 (full 2):
 PSYoungGen      total 25600K, used 3638K [0x00000000eab00000, 0x00000000ecc80000, 0x0000000100000000)
  eden space 21504K, 0% used [0x00000000eab00000,0x00000000eab00000,0x00000000ec000000)
  from space 4096K, 88% used [0x00000000ec880000,0x00000000ecc0dac0,0x00000000ecc80000)
  to   space 5120K, 0% used [0x00000000ec280000,0x00000000ec280000,0x00000000ec780000)
 ParOldGen       total 68608K, used 53136K [0x00000000c0000000, 0x00000000c4300000, 0x00000000eab00000)
  object space 68608K, 77% used [0x00000000c0000000,0x00000000c33e42c0,0x00000000c4300000)
 Metaspace       used 47561K, committed 48704K, reserved 1114112K
  class space    used 4611K, committed 5120K, reserved 1048576K
}
Event: 29.169 GC heap before
{Heap before GC invocations=33 (full 2):
 PSYoungGen      total 25600K, used 25142K [0x00000000eab00000, 0x00000000ecc80000, 0x0000000100000000)
  eden space 21504K, 100% used [0x00000000eab00000,0x00000000ec000000,0x00000000ec000000)
  from space 4096K, 88% used [0x00000000ec880000,0x00000000ecc0dac0,0x00000000ecc80000)
  to   space 5120K, 0% used [0x00000000ec280000,0x00000000ec280000,0x00000000ec780000)
 ParOldGen       total 68608K, used 53136K [0x00000000c0000000, 0x00000000c4300000, 0x00000000eab00000)
  object space 68608K, 77% used [0x00000000c0000000,0x00000000c33e42c0,0x00000000c4300000)
 Metaspace       used 47935K, committed 49088K, reserved 1114112K
  class space    used 4617K, committed 5120K, reserved 1048576K
}
Event: 29.184 GC heap after
{Heap after GC invocations=33 (full 2):
 PSYoungGen      total 22016K, used 256K [0x00000000eab00000, 0x00000000ec900000, 0x0000000100000000)
  eden space 21504K, 0% used [0x00000000eab00000,0x00000000eab00000,0x00000000ec000000)
  from space 512K, 50% used [0x00000000ec280000,0x00000000ec2c0000,0x00000000ec300000)
  to   space 2048K, 0% used [0x00000000ec700000,0x00000000ec700000,0x00000000ec900000)
 ParOldGen       total 68608K, used 56478K [0x00000000c0000000, 0x00000000c4300000, 0x00000000eab00000)
  object space 68608K, 82% used [0x00000000c0000000,0x00000000c3727b00,0x00000000c4300000)
 Metaspace       used 47935K, committed 49088K, reserved 1114112K
  class space    used 4617K, committed 5120K, reserved 1048576K
}

Dll operation events (10 events):
Event: 0.016 Loaded shared library c:\Users\kimvt\.vscode\extensions\redhat.java-1.41.1-win32-x64\jre\21.0.6-win32-x86_64\bin\java.dll
Event: 0.162 Loaded shared library c:\Users\kimvt\.vscode\extensions\redhat.java-1.41.1-win32-x64\jre\21.0.6-win32-x86_64\bin\zip.dll
Event: 0.219 Loaded shared library C:\Users\kimvt\.vscode\extensions\redhat.java-1.41.1-win32-x64\jre\21.0.6-win32-x86_64\bin\instrument.dll
Event: 0.227 Loaded shared library C:\Users\kimvt\.vscode\extensions\redhat.java-1.41.1-win32-x64\jre\21.0.6-win32-x86_64\bin\net.dll
Event: 0.238 Loaded shared library C:\Users\kimvt\.vscode\extensions\redhat.java-1.41.1-win32-x64\jre\21.0.6-win32-x86_64\bin\nio.dll
Event: 0.241 Loaded shared library C:\Users\kimvt\.vscode\extensions\redhat.java-1.41.1-win32-x64\jre\21.0.6-win32-x86_64\bin\zip.dll
Event: 0.260 Loaded shared library C:\Users\kimvt\.vscode\extensions\redhat.java-1.41.1-win32-x64\jre\21.0.6-win32-x86_64\bin\jimage.dll
Event: 0.397 Loaded shared library c:\Users\kimvt\.vscode\extensions\redhat.java-1.41.1-win32-x64\jre\21.0.6-win32-x86_64\bin\verify.dll
Event: 2.770 Loaded shared library C:\Users\kimvt\AppData\Roaming\Code\User\globalStorage\redhat.java\1.41.1\config_ss_win\org.eclipse.equinox.launcher\org.eclipse.equinox.launcher.win32.win32.x86_64_1.2.1300.v20250331-1702\eclipse_11911.dll
Event: 4.935 Loaded shared library C:\Users\kimvt\AppData\Local\Temp\jna-102053325\jna3206575524465578627.dll

Deoptimization events (20 events):
Event: 26.284 Thread 0x0000018c93b59e80 DEOPT PACKING pc=0x0000018c42bdfd54 sp=0x0000001d098fe4a0
Event: 26.284 Thread 0x0000018c93b59e80 DEOPT UNPACKING pc=0x0000018c42213aa2 sp=0x0000001d098fe430 mode 2
Event: 26.284 Thread 0x0000018c93b59e80 Uncommon trap: trap_request=0xffffffc6 fr.pc=0x0000018c42bdfcf4 relative=0x0000000000000af4
Event: 26.284 Thread 0x0000018c93b59e80 Uncommon trap: reason=bimorphic_or_optimized_type_check action=maybe_recompile pc=0x0000018c42bdfcf4 method=org.eclipse.jdt.internal.compiler.parser.Parser.consumeRule(I)V @ 4104 c2
Event: 26.284 Thread 0x0000018c93b59e80 DEOPT PACKING pc=0x0000018c42bdfcf4 sp=0x0000001d098fe4a0
Event: 26.284 Thread 0x0000018c93b59e80 DEOPT UNPACKING pc=0x0000018c42213aa2 sp=0x0000001d098fe430 mode 2
Event: 26.284 Thread 0x0000018c93b59e80 Uncommon trap: trap_request=0xffffffc6 fr.pc=0x0000018c42bdfd54 relative=0x0000000000000b54
Event: 26.284 Thread 0x0000018c93b59e80 Uncommon trap: reason=bimorphic_or_optimized_type_check action=maybe_recompile pc=0x0000018c42bdfd54 method=org.eclipse.jdt.internal.compiler.parser.Parser.consumeRule(I)V @ 4111 c2
Event: 26.284 Thread 0x0000018c93b59e80 DEOPT PACKING pc=0x0000018c42bdfd54 sp=0x0000001d098fe4a0
Event: 26.284 Thread 0x0000018c93b59e80 DEOPT UNPACKING pc=0x0000018c42213aa2 sp=0x0000001d098fe430 mode 2
Event: 29.167 Thread 0x0000018c951534c0 Uncommon trap: trap_request=0xffffffe4 fr.pc=0x0000018c42c16360 relative=0x00000000000001a0
Event: 29.167 Thread 0x0000018c951534c0 Uncommon trap: reason=range_check action=make_not_entrant pc=0x0000018c42c16360 method=org.eclipse.jdt.internal.compiler.parser.Scanner.pushLineSeparator()V @ 104 c2
Event: 29.167 Thread 0x0000018c951534c0 DEOPT PACKING pc=0x0000018c42c16360 sp=0x0000001d0abfec50
Event: 29.167 Thread 0x0000018c951534c0 DEOPT UNPACKING pc=0x0000018c42213aa2 sp=0x0000001d0abfebc0 mode 2
Event: 29.305 Thread 0x0000018c95156fd0 Uncommon trap: trap_request=0xffffffcc fr.pc=0x0000018c42c59f90 relative=0x0000000000000250
Event: 29.305 Thread 0x0000018c95156fd0 Uncommon trap: reason=intrinsic_or_type_checked_inlining action=make_not_entrant pc=0x0000018c42c59f90 method=java.util.ArrayList.toArray([Ljava/lang/Object;)[Ljava/lang/Object; @ 36 c2
Event: 29.305 Thread 0x0000018c95156fd0 DEOPT PACKING pc=0x0000018c42c59f90 sp=0x0000001d0a7fe660
Event: 29.306 Thread 0x0000018c95156fd0 DEOPT UNPACKING pc=0x0000018c42213aa2 sp=0x0000001d0a7fe610 mode 2
Event: 29.323 Thread 0x0000018c951534c0 DEOPT PACKING pc=0x0000018c3b90fe24 sp=0x0000001d0abfe060
Event: 29.323 Thread 0x0000018c951534c0 DEOPT UNPACKING pc=0x0000018c42214242 sp=0x0000001d0abfd480 mode 0

Classes loaded (20 events):
Event: 19.806 Loading class java/util/Formatter$DateTime
Event: 19.806 Loading class java/util/Formatter$DateTime done
Event: 19.806 Loading class java/time/ZonedDateTime$1
Event: 19.807 Loading class java/time/ZonedDateTime$1 done
Event: 21.372 Loading class java/util/Collections$SynchronizedRandomAccessList
Event: 21.372 Loading class java/util/Collections$SynchronizedList
Event: 21.373 Loading class java/util/Collections$SynchronizedList done
Event: 21.373 Loading class java/util/Collections$SynchronizedRandomAccessList done
Event: 23.137 Loading class java/util/stream/DistinctOps
Event: 23.138 Loading class java/util/stream/DistinctOps done
Event: 23.138 Loading class java/util/stream/DistinctOps$1
Event: 23.138 Loading class java/util/stream/DistinctOps$1 done
Event: 23.171 Loading class java/util/stream/DistinctOps$1$2
Event: 23.171 Loading class java/util/stream/DistinctOps$1$2 done
Event: 23.388 Loading class java/util/concurrent/CompletableFuture$Signaller
Event: 23.388 Loading class java/util/concurrent/CompletableFuture$Signaller done
Event: 23.706 Loading class jdk/internal/event/ThreadSleepEvent
Event: 23.710 Loading class jdk/internal/event/ThreadSleepEvent done
Event: 24.374 Loading class sun/reflect/misc/ReflectUtil
Event: 24.375 Loading class sun/reflect/misc/ReflectUtil done

Classes unloaded (20 events):
Event: 9.890 Thread 0x0000018c4be325c0 Unloading class 0x0000018c4d37d400 'java/lang/invoke/LambdaForm$DMH+0x0000018c4d37d400'
Event: 9.890 Thread 0x0000018c4be325c0 Unloading class 0x0000018c4d37cc00 'java/lang/invoke/LambdaForm$DMH+0x0000018c4d37cc00'
Event: 9.890 Thread 0x0000018c4be325c0 Unloading class 0x0000018c4d37b400 'java/lang/invoke/LambdaForm$MH+0x0000018c4d37b400'
Event: 9.890 Thread 0x0000018c4be325c0 Unloading class 0x0000018c4d37a800 'java/lang/invoke/LambdaForm$MH+0x0000018c4d37a800'
Event: 9.890 Thread 0x0000018c4be325c0 Unloading class 0x0000018c4d37a400 'java/lang/invoke/LambdaForm$MH+0x0000018c4d37a400'
Event: 9.890 Thread 0x0000018c4be325c0 Unloading class 0x0000018c4d37a000 'java/lang/invoke/LambdaForm$MH+0x0000018c4d37a000'
Event: 9.890 Thread 0x0000018c4be325c0 Unloading class 0x0000018c4d379800 'java/lang/invoke/LambdaForm$MH+0x0000018c4d379800'
Event: 9.890 Thread 0x0000018c4be325c0 Unloading class 0x0000018c4d379000 'java/lang/invoke/LambdaForm$MH+0x0000018c4d379000'
Event: 9.890 Thread 0x0000018c4be325c0 Unloading class 0x0000018c4d379400 'java/lang/invoke/LambdaForm$MH+0x0000018c4d379400'
Event: 9.890 Thread 0x0000018c4be325c0 Unloading class 0x0000018c4d378c00 'java/lang/invoke/LambdaForm$DMH+0x0000018c4d378c00'
Event: 9.890 Thread 0x0000018c4be325c0 Unloading class 0x0000018c4d378800 'java/lang/invoke/LambdaForm$DMH+0x0000018c4d378800'
Event: 9.890 Thread 0x0000018c4be325c0 Unloading class 0x0000018c4d378400 'java/lang/invoke/LambdaForm$DMH+0x0000018c4d378400'
Event: 9.890 Thread 0x0000018c4be325c0 Unloading class 0x0000018c4d377c00 'java/lang/invoke/LambdaForm$MH+0x0000018c4d377c00'
Event: 9.890 Thread 0x0000018c4be325c0 Unloading class 0x0000018c4d377800 'java/lang/invoke/LambdaForm$MH+0x0000018c4d377800'
Event: 9.890 Thread 0x0000018c4be325c0 Unloading class 0x0000018c4d374000 'java/lang/invoke/LambdaForm$MH+0x0000018c4d374000'
Event: 9.890 Thread 0x0000018c4be325c0 Unloading class 0x0000018c4d372c00 'java/lang/invoke/LambdaForm$MH+0x0000018c4d372c00'
Event: 9.890 Thread 0x0000018c4be325c0 Unloading class 0x0000018c4d372000 'java/lang/invoke/LambdaForm$MH+0x0000018c4d372000'
Event: 9.890 Thread 0x0000018c4be325c0 Unloading class 0x0000018c4d371c00 'java/lang/invoke/LambdaForm$MH+0x0000018c4d371c00'
Event: 9.890 Thread 0x0000018c4be325c0 Unloading class 0x0000018c4d371800 'java/lang/invoke/LambdaForm$MH+0x0000018c4d371800'
Event: 9.890 Thread 0x0000018c4be325c0 Unloading class 0x0000018c4d371000 'java/lang/invoke/LambdaForm$DMH+0x0000018c4d371000'

Classes redefined (0 events):
No events

Internal exceptions (20 events):
Event: 23.023 Thread 0x0000018c95157cf0 Exception <a 'java/lang/ArrayIndexOutOfBoundsException'{0x00000000ebd3bca8}> (0x00000000ebd3bca8) 
thrown [s\src\hotspot\share\runtime\sharedRuntime.cpp, line 625]
Event: 23.186 Thread 0x0000018c95156fd0 Exception <a 'java/lang/IncompatibleClassChangeError'{0x00000000eb0cd428}: Found class java.lang.Object, but interface was expected> (0x00000000eb0cd428) 
thrown [s\src\hotspot\share\interpreter\linkResolver.cpp, line 840]
Event: 23.189 Thread 0x0000018c95156fd0 Exception <a 'java/lang/IncompatibleClassChangeError'{0x00000000eb0f2b88}: Found class java.lang.Object, but interface was expected> (0x00000000eb0f2b88) 
thrown [s\src\hotspot\share\interpreter\linkResolver.cpp, line 840]
Event: 23.385 Thread 0x0000018c95156fd0 Exception <a 'java/lang/IncompatibleClassChangeError'{0x00000000ebc04c70}: Found class java.lang.Object, but interface was expected> (0x00000000ebc04c70) 
thrown [s\src\hotspot\share\interpreter\linkResolver.cpp, line 840]
Event: 23.567 Thread 0x0000018c94bc9ff0 Exception <a 'java/lang/ArrayIndexOutOfBoundsException'{0x00000000eab9e700}: Index 2263 out of bounds for length 2263> (0x00000000eab9e700) 
thrown [s\src\hotspot\share\interpreter\interpreterRuntime.cpp, line 439]
Event: 23.569 Thread 0x0000018c94bc9ff0 Exception <a 'java/lang/ArrayIndexOutOfBoundsException'{0x00000000eababd00}: Index 260 out of bounds for length 260> (0x00000000eababd00) 
thrown [s\src\hotspot\share\interpreter\interpreterRuntime.cpp, line 439]
Event: 23.570 Thread 0x0000018c94bc9ff0 Implicit null exception at 0x0000018c4281fac9 to 0x0000018c4281fb1a
Event: 23.689 Thread 0x0000018c94bc9ff0 Exception <a 'java/lang/ArrayIndexOutOfBoundsException'{0x00000000eada3d60}: Index 2263 out of bounds for length 2263> (0x00000000eada3d60) 
thrown [s\src\hotspot\share\interpreter\interpreterRuntime.cpp, line 439]
Event: 23.698 Thread 0x0000018c94bc9ff0 Exception <a 'java/lang/ArrayIndexOutOfBoundsException'{0x00000000eadab478}: Index 2263 out of bounds for length 2263> (0x00000000eadab478) 
thrown [s\src\hotspot\share\interpreter\interpreterRuntime.cpp, line 439]
Event: 23.698 Thread 0x0000018c94bc9ff0 Exception <a 'java/lang/ArrayIndexOutOfBoundsException'{0x00000000eadab7a0}: Index 2264 out of bounds for length 2263> (0x00000000eadab7a0) 
thrown [s\src\hotspot\share\interpreter\interpreterRuntime.cpp, line 439]
Event: 24.432 Thread 0x0000018c94bc9ff0 Exception <a 'java/lang/ArrayIndexOutOfBoundsException'{0x00000000ebcd07a8}> (0x00000000ebcd07a8) 
thrown [s\src\hotspot\share\runtime\sharedRuntime.cpp, line 625]
Event: 24.454 Thread 0x0000018c95156940 Exception <a 'java/lang/ArrayIndexOutOfBoundsException'{0x00000000ebec1f38}> (0x00000000ebec1f38) 
thrown [s\src\hotspot\share\runtime\sharedRuntime.cpp, line 625]
Event: 24.456 Thread 0x0000018c95156940 Exception <a 'java/lang/ArrayIndexOutOfBoundsException'{0x00000000ebec9ba8}> (0x00000000ebec9ba8) 
thrown [s\src\hotspot\share\runtime\sharedRuntime.cpp, line 625]
Event: 24.476 Thread 0x0000018c95156940 Exception <a 'java/lang/ArrayIndexOutOfBoundsException'{0x00000000ebf71338}> (0x00000000ebf71338) 
thrown [s\src\hotspot\share\runtime\sharedRuntime.cpp, line 625]
Event: 24.477 Thread 0x0000018c95156940 Exception <a 'java/lang/ArrayIndexOutOfBoundsException'{0x00000000ebf73088}> (0x00000000ebf73088) 
thrown [s\src\hotspot\share\runtime\sharedRuntime.cpp, line 625]
Event: 24.477 Thread 0x0000018c95156940 Exception <a 'java/lang/ArrayIndexOutOfBoundsException'{0x00000000ebf733b0}> (0x00000000ebf733b0) 
thrown [s\src\hotspot\share\runtime\sharedRuntime.cpp, line 625]
Event: 24.505 Thread 0x0000018c94bc9ff0 Exception <a 'java/lang/ArrayIndexOutOfBoundsException'{0x00000000ebcdfd18}> (0x00000000ebcdfd18) 
thrown [s\src\hotspot\share\runtime\sharedRuntime.cpp, line 625]
Event: 24.670 Thread 0x0000018c95156940 Exception <a 'java/lang/ArrayIndexOutOfBoundsException'{0x00000000eaeb17c8}> (0x00000000eaeb17c8) 
thrown [s\src\hotspot\share\runtime\sharedRuntime.cpp, line 625]
Event: 27.649 Thread 0x0000018c95156940 Exception <a 'java/lang/ArrayIndexOutOfBoundsException'{0x00000000eafa3b88}> (0x00000000eafa3b88) 
thrown [s\src\hotspot\share\runtime\sharedRuntime.cpp, line 625]
Event: 29.167 Thread 0x0000018c951534c0 Exception <a 'java/lang/ArrayIndexOutOfBoundsException'{0x00000000ebff7d88}: Index 2294 out of bounds for length 2293> (0x00000000ebff7d88) 
thrown [s\src\hotspot\share\interpreter\interpreterRuntime.cpp, line 439]

ZGC Phase Switch (0 events):
No events

VM Operations (20 events):
Event: 23.552 Executing VM operation: HandshakeAllThreads (Deoptimize)
Event: 23.553 Executing VM operation: HandshakeAllThreads (Deoptimize) done
Event: 23.693 Executing VM operation: HandshakeAllThreads (Deoptimize)
Event: 23.693 Executing VM operation: HandshakeAllThreads (Deoptimize) done
Event: 24.047 Executing VM operation: ParallelGCFailedAllocation (Allocation Failure)
Event: 24.054 Executing VM operation: ParallelGCFailedAllocation (Allocation Failure) done
Event: 24.119 Executing VM operation: HandshakeAllThreads (Deoptimize)
Event: 24.119 Executing VM operation: HandshakeAllThreads (Deoptimize) done
Event: 24.585 Executing VM operation: ParallelGCFailedAllocation (Allocation Failure)
Event: 24.590 Executing VM operation: ParallelGCFailedAllocation (Allocation Failure) done
Event: 25.603 Executing VM operation: Cleanup
Event: 25.603 Executing VM operation: Cleanup done
Event: 26.378 Executing VM operation: ICBufferFull
Event: 26.380 Executing VM operation: ICBufferFull done
Event: 27.388 Executing VM operation: Cleanup
Event: 27.389 Executing VM operation: Cleanup done
Event: 28.397 Executing VM operation: Cleanup
Event: 28.397 Executing VM operation: Cleanup done
Event: 29.169 Executing VM operation: ParallelGCFailedAllocation (Allocation Failure)
Event: 29.184 Executing VM operation: ParallelGCFailedAllocation (Allocation Failure) done

Memory protections (0 events):
No events

Nmethod flushes (20 events):
Event: 9.906 Thread 0x0000018c4be325c0 flushing  nmethod 0x0000018c3af99b90
Event: 9.906 Thread 0x0000018c4be325c0 flushing  nmethod 0x0000018c3af9c390
Event: 9.906 Thread 0x0000018c4be325c0 flushing  nmethod 0x0000018c3afb7790
Event: 9.906 Thread 0x0000018c4be325c0 flushing  nmethod 0x0000018c3afd6f10
Event: 9.906 Thread 0x0000018c4be325c0 flushing  nmethod 0x0000018c3afd7210
Event: 9.906 Thread 0x0000018c4be325c0 flushing  nmethod 0x0000018c3afec390
Event: 9.906 Thread 0x0000018c4be325c0 flushing  nmethod 0x0000018c3b0a3d10
Event: 9.906 Thread 0x0000018c4be325c0 flushing  nmethod 0x0000018c3b0a4190
Event: 9.906 Thread 0x0000018c4be325c0 flushing  nmethod 0x0000018c3b0d4f10
Event: 9.906 Thread 0x0000018c4be325c0 flushing  nmethod 0x0000018c3b0d5310
Event: 9.906 Thread 0x0000018c4be325c0 flushing  nmethod 0x0000018c3b0d5d10
Event: 9.906 Thread 0x0000018c4be325c0 flushing  nmethod 0x0000018c3b0da990
Event: 9.906 Thread 0x0000018c4be325c0 flushing  nmethod 0x0000018c3b114110
Event: 9.906 Thread 0x0000018c4be325c0 flushing  nmethod 0x0000018c3b116d10
Event: 9.906 Thread 0x0000018c4be325c0 flushing  nmethod 0x0000018c3b117090
Event: 9.906 Thread 0x0000018c4be325c0 flushing  nmethod 0x0000018c3b158510
Event: 9.906 Thread 0x0000018c4be325c0 flushing  nmethod 0x0000018c3b15be10
Event: 9.906 Thread 0x0000018c4be325c0 flushing  nmethod 0x0000018c3b172e10
Event: 9.906 Thread 0x0000018c4be325c0 flushing  nmethod 0x0000018c3b17ac90
Event: 9.906 Thread 0x0000018c4be325c0 flushing  nmethod 0x0000018c3b18b390

Events (20 events):
Event: 10.821 Thread 0x0000018c951562b0 Thread added: 0x0000018c95158380
Event: 10.837 Thread 0x0000018c951562b0 Thread added: 0x0000018c951513f0
Event: 10.837 Thread 0x0000018c95150d60 Thread added: 0x0000018c95151a80
Event: 10.838 Thread 0x0000018c95150d60 Thread added: 0x0000018c95152e30
Event: 10.910 Thread 0x0000018c93b6ea40 Thread added: 0x0000018c95153b50
Event: 10.911 Thread 0x0000018c93b6ea40 Thread added: 0x0000018c95155590
Event: 10.913 Thread 0x0000018c93b6ea40 Thread added: 0x0000018c94bc9960
Event: 10.915 Thread 0x0000018c93b6ea40 Thread added: 0x0000018c94bcad10
Event: 10.916 Thread 0x0000018c93b6ea40 Thread added: 0x0000018c94bca680
Event: 10.917 Thread 0x0000018c93b6ea40 Thread added: 0x0000018c94bcb3a0
Event: 12.075 Thread 0x0000018c95156fd0 Thread added: 0x0000018c94bc9ff0
Event: 12.232 Thread 0x0000018c93b6ea40 Thread added: 0x0000018c94bc85b0
Event: 12.289 Thread 0x0000018c93b6ea40 Thread added: 0x0000018c94bc5130
Event: 12.672 Thread 0x0000018c93b6ea40 Thread added: 0x0000018c94bc92d0
Event: 12.895 Thread 0x0000018c93b6ea40 Thread added: 0x0000018c94bc57c0
Event: 12.999 Thread 0x0000018c93b6ea40 Thread added: 0x0000018c94bcba30
Event: 13.001 Thread 0x0000018c93b6ea40 Thread added: 0x0000018c94bc6b70
Event: 13.002 Thread 0x0000018c93b6ea40 Thread added: 0x0000018c94bc8c40
Event: 18.921 Thread 0x0000018c960229e0 Thread exited: 0x0000018c960229e0
Event: 22.988 Thread 0x0000018c951527a0 Thread added: 0x0000018c94bcc0c0


Dynamic libraries:
0x00007ff611ac0000 - 0x00007ff611ace000 	c:\Users\kimvt\.vscode\extensions\redhat.java-1.41.1-win32-x64\jre\21.0.6-win32-x86_64\bin\java.exe
0x00007ffc5d230000 - 0x00007ffc5d428000 	C:\Windows\SYSTEM32\ntdll.dll
0x00007ffc5c280000 - 0x00007ffc5c342000 	C:\Windows\System32\KERNEL32.DLL
0x00007ffc5aba0000 - 0x00007ffc5ae96000 	C:\Windows\System32\KERNELBASE.dll
0x00007ffc5b000000 - 0x00007ffc5b100000 	C:\Windows\System32\ucrtbase.dll
0x00007ffc554b0000 - 0x00007ffc554c8000 	c:\Users\kimvt\.vscode\extensions\redhat.java-1.41.1-win32-x64\jre\21.0.6-win32-x86_64\bin\jli.dll
0x00007ffc55490000 - 0x00007ffc554ae000 	c:\Users\kimvt\.vscode\extensions\redhat.java-1.41.1-win32-x64\jre\21.0.6-win32-x86_64\bin\VCRUNTIME140.dll
0x00007ffc5c930000 - 0x00007ffc5cacd000 	C:\Windows\System32\USER32.dll
0x00007ffc5b220000 - 0x00007ffc5b242000 	C:\Windows\System32\win32u.dll
0x00007ffc4ee70000 - 0x00007ffc4f10a000 	C:\Windows\WinSxS\amd64_microsoft.windows.common-controls_6595b64144ccf1df_6.0.19041.4355_none_60b8b9eb71f62e16\COMCTL32.dll
0x00007ffc5c4a0000 - 0x00007ffc5c4cb000 	C:\Windows\System32\GDI32.dll
0x00007ffc5b100000 - 0x00007ffc5b21a000 	C:\Windows\System32\gdi32full.dll
0x00007ffc5c1e0000 - 0x00007ffc5c27e000 	C:\Windows\System32\msvcrt.dll
0x00007ffc5a9a0000 - 0x00007ffc5aa3d000 	C:\Windows\System32\msvcp_win.dll
0x00007ffc5c7b0000 - 0x00007ffc5c7df000 	C:\Windows\System32\IMM32.DLL
0x00007ffc565c0000 - 0x00007ffc565cc000 	c:\Users\kimvt\.vscode\extensions\redhat.java-1.41.1-win32-x64\jre\21.0.6-win32-x86_64\bin\vcruntime140_1.dll
0x00007ffc2bc40000 - 0x00007ffc2bccd000 	c:\Users\kimvt\.vscode\extensions\redhat.java-1.41.1-win32-x64\jre\21.0.6-win32-x86_64\bin\msvcp140.dll
0x00007ffbe8610000 - 0x00007ffbe93a0000 	c:\Users\kimvt\.vscode\extensions\redhat.java-1.41.1-win32-x64\jre\21.0.6-win32-x86_64\bin\server\jvm.dll
0x00007ffc5c5e0000 - 0x00007ffc5c68f000 	C:\Windows\System32\ADVAPI32.dll
0x00007ffc5c890000 - 0x00007ffc5c92f000 	C:\Windows\System32\sechost.dll
0x00007ffc5bb30000 - 0x00007ffc5bc53000 	C:\Windows\System32\RPCRT4.dll
0x00007ffc5aa40000 - 0x00007ffc5aa67000 	C:\Windows\System32\bcrypt.dll
0x00007ffc5c550000 - 0x00007ffc5c5bb000 	C:\Windows\System32\WS2_32.dll
0x00007ffc59e00000 - 0x00007ffc59e4b000 	C:\Windows\SYSTEM32\POWRPROF.dll
0x00007ffc48f10000 - 0x00007ffc48f37000 	C:\Windows\SYSTEM32\WINMM.dll
0x00007ffc511a0000 - 0x00007ffc511aa000 	C:\Windows\SYSTEM32\VERSION.dll
0x00007ffc59cc0000 - 0x00007ffc59cd2000 	C:\Windows\SYSTEM32\UMPDC.dll
0x00007ffc587b0000 - 0x00007ffc587c2000 	C:\Windows\SYSTEM32\kernel.appcore.dll
0x00007ffc565a0000 - 0x00007ffc565aa000 	c:\Users\kimvt\.vscode\extensions\redhat.java-1.41.1-win32-x64\jre\21.0.6-win32-x86_64\bin\jimage.dll
0x00007ffc58160000 - 0x00007ffc58344000 	C:\Windows\SYSTEM32\DBGHELP.DLL
0x00007ffc2bcd0000 - 0x00007ffc2bd04000 	C:\Windows\SYSTEM32\dbgcore.DLL
0x00007ffc5a910000 - 0x00007ffc5a992000 	C:\Windows\System32\bcryptPrimitives.dll
0x00007ffc556f0000 - 0x00007ffc556ff000 	c:\Users\kimvt\.vscode\extensions\redhat.java-1.41.1-win32-x64\jre\21.0.6-win32-x86_64\bin\instrument.dll
0x00007ffc551f0000 - 0x00007ffc5520f000 	c:\Users\kimvt\.vscode\extensions\redhat.java-1.41.1-win32-x64\jre\21.0.6-win32-x86_64\bin\java.dll
0x00007ffc5b360000 - 0x00007ffc5bacf000 	C:\Windows\System32\SHELL32.dll
0x00007ffc58940000 - 0x00007ffc590e3000 	C:\Windows\SYSTEM32\windows.storage.dll
0x00007ffc5bd30000 - 0x00007ffc5c085000 	C:\Windows\System32\combase.dll
0x00007ffc5a2f0000 - 0x00007ffc5a31b000 	C:\Windows\SYSTEM32\Wldp.dll
0x00007ffc5bc60000 - 0x00007ffc5bd2d000 	C:\Windows\System32\OLEAUT32.dll
0x00007ffc5c7e0000 - 0x00007ffc5c88d000 	C:\Windows\System32\SHCORE.dll
0x00007ffc5c180000 - 0x00007ffc5c1d5000 	C:\Windows\System32\shlwapi.dll
0x00007ffc5a7f0000 - 0x00007ffc5a815000 	C:\Windows\SYSTEM32\profapi.dll
0x00007ffc54b90000 - 0x00007ffc54ba8000 	c:\Users\kimvt\.vscode\extensions\redhat.java-1.41.1-win32-x64\jre\21.0.6-win32-x86_64\bin\zip.dll
0x00007ffc55480000 - 0x00007ffc55490000 	C:\Users\kimvt\.vscode\extensions\redhat.java-1.41.1-win32-x64\jre\21.0.6-win32-x86_64\bin\net.dll
0x00007ffc51950000 - 0x00007ffc51a5a000 	C:\Windows\SYSTEM32\WINHTTP.dll
0x00007ffc5a050000 - 0x00007ffc5a0bc000 	C:\Windows\system32\mswsock.dll
0x00007ffc4a3a0000 - 0x00007ffc4a3b6000 	C:\Users\kimvt\.vscode\extensions\redhat.java-1.41.1-win32-x64\jre\21.0.6-win32-x86_64\bin\nio.dll
0x00007ffc55440000 - 0x00007ffc55450000 	c:\Users\kimvt\.vscode\extensions\redhat.java-1.41.1-win32-x64\jre\21.0.6-win32-x86_64\bin\verify.dll
0x00007ffc46fa0000 - 0x00007ffc46fe5000 	C:\Users\kimvt\AppData\Roaming\Code\User\globalStorage\redhat.java\1.41.1\config_ss_win\org.eclipse.equinox.launcher\org.eclipse.equinox.launcher.win32.win32.x86_64_1.2.1300.v20250331-1702\eclipse_11911.dll
0x00007ffc5c370000 - 0x00007ffc5c49b000 	C:\Windows\System32\ole32.dll
0x00007ffc5a250000 - 0x00007ffc5a268000 	C:\Windows\SYSTEM32\CRYPTSP.dll
0x00007ffc59900000 - 0x00007ffc59938000 	C:\Windows\system32\rsaenh.dll
0x00007ffc5a770000 - 0x00007ffc5a79e000 	C:\Windows\SYSTEM32\USERENV.dll
0x00007ffc5a240000 - 0x00007ffc5a24c000 	C:\Windows\SYSTEM32\CRYPTBASE.dll
0x00007ffc59ce0000 - 0x00007ffc59d1b000 	C:\Windows\SYSTEM32\IPHLPAPI.DLL
0x00007ffc5cad0000 - 0x00007ffc5cad8000 	C:\Windows\System32\NSI.dll
0x00007ffc2c410000 - 0x00007ffc2c459000 	C:\Users\kimvt\AppData\Local\Temp\jna-102053325\jna3206575524465578627.dll
0x00007ffc5c5d0000 - 0x00007ffc5c5d8000 	C:\Windows\System32\PSAPI.DLL
0x00007ffc53d10000 - 0x00007ffc53d27000 	C:\Windows\SYSTEM32\dhcpcsvc6.DLL
0x00007ffc54270000 - 0x00007ffc5428d000 	C:\Windows\SYSTEM32\dhcpcsvc.DLL

dbghelp: loaded successfully - version: 4.0.5 - missing functions: none
symbol engine: initialized successfully - sym options: 0x614 - pdb path: .;c:\Users\kimvt\.vscode\extensions\redhat.java-1.41.1-win32-x64\jre\21.0.6-win32-x86_64\bin;C:\Windows\SYSTEM32;C:\Windows\WinSxS\amd64_microsoft.windows.common-controls_6595b64144ccf1df_6.0.19041.4355_none_60b8b9eb71f62e16;c:\Users\kimvt\.vscode\extensions\redhat.java-1.41.1-win32-x64\jre\21.0.6-win32-x86_64\bin\server;C:\Users\kimvt\AppData\Roaming\Code\User\globalStorage\redhat.java\1.41.1\config_ss_win\org.eclipse.equinox.launcher\org.eclipse.equinox.launcher.win32.win32.x86_64_1.2.1300.v20250331-1702;C:\Users\kimvt\AppData\Local\Temp\jna-102053325

VM Arguments:
jvm_args: --add-modules=ALL-SYSTEM --add-opens=java.base/java.util=ALL-UNNAMED --add-opens=java.base/java.lang=ALL-UNNAMED --add-opens=java.base/sun.nio.fs=ALL-UNNAMED -Declipse.application=org.eclipse.jdt.ls.core.id1 -Dosgi.bundles.defaultStartLevel=4 -Declipse.product=org.eclipse.jdt.ls.core.product -Djava.import.generatesMetadataFilesAtProjectRoot=false -DDetectVMInstallationsJob.disabled=true -Dfile.encoding=utf8 -XX:+UseParallelGC -XX:GCTimeRatio=4 -XX:AdaptiveSizePolicyWeight=90 -Dsun.zip.disableMemoryMapping=true -Xmx1G -Xms100m -Xlog:disable -javaagent:c:\Users\kimvt\.vscode\extensions\redhat.java-1.41.1-win32-x64\lombok\lombok-1.18.36.jar 
java_command: c:\Users\kimvt\.vscode\extensions\redhat.java-1.41.1-win32-x64\server\plugins\org.eclipse.equinox.launcher_1.7.0.v20250331-1702.jar -configuration c:\Users\kimvt\AppData\Roaming\Code\User\globalStorage\redhat.java\1.41.1\config_ss_win -data c:\Users\kimvt\AppData\Roaming\Code\User\workspaceStorage\a9498711f6fddfcc98f3686cb1ca7122\redhat.java\ss_ws --pipe=\\.\pipe\lsp-c61b8668354f1867847177723847763a-sock
java_class_path (initial): c:\Users\kimvt\.vscode\extensions\redhat.java-1.41.1-win32-x64\server\plugins\org.eclipse.equinox.launcher_1.7.0.v20250331-1702.jar
Launcher Type: SUN_STANDARD

[Global flags]
    uintx AdaptiveSizePolicyWeight                 = 90                                        {product} {command line}
     intx CICompilerCount                          = 4                                         {product} {ergonomic}
    uintx GCTimeRatio                              = 4                                         {product} {command line}
   size_t InitialHeapSize                          = 104857600                                 {product} {command line}
   size_t MaxHeapSize                              = 1073741824                                {product} {command line}
   size_t MaxNewSize                               = 357564416                                 {product} {ergonomic}
   size_t MinHeapDeltaBytes                        = 524288                                    {product} {ergonomic}
   size_t MinHeapSize                              = 104857600                                 {product} {command line}
   size_t NewSize                                  = 34603008                                  {product} {ergonomic}
    uintx NonNMethodCodeHeapSize                   = 5839372                                {pd product} {ergonomic}
    uintx NonProfiledCodeHeapSize                  = 122909434                              {pd product} {ergonomic}
   size_t OldSize                                  = 70254592                                  {product} {ergonomic}
    uintx ProfiledCodeHeapSize                     = 122909434                              {pd product} {ergonomic}
    uintx ReservedCodeCacheSize                    = 251658240                              {pd product} {ergonomic}
     bool SegmentedCodeCache                       = true                                      {product} {ergonomic}
   size_t SoftMaxHeapSize                          = 1073741824                             {manageable} {ergonomic}
     bool UseCompressedOops                        = true                           {product lp64_product} {ergonomic}
     bool UseLargePagesIndividualAllocation        = false                                  {pd product} {ergonomic}
     bool UseParallelGC                            = true                                      {product} {command line}

Logging:
Log output configuration:
 #0: stdout all=off uptime,level,tags foldmultilines=false
 #1: stderr all=off uptime,level,tags foldmultilines=false

Environment Variables:
JAVA_HOME=C:\Program Files\Zulu\zulu-21
PATH=C:\Program Files (x86)\Common Files\Oracle\Java\java8path;C:\Program Files (x86)\Common Files\Oracle\Java\javapath;C:\Program Files\Zulu\zulu-21\bin\;C:\Windows\system32;C:\Windows;C:\Windows\System32\Wbem;C:\Windows\System32\WindowsPowerShell\v1.0\;C:\Windows\System32\OpenSSH\;C:\Program Files (x86)\NVIDIA Corporation\PhysX\Common;C:\Program Files\NVIDIA Corporation\NVIDIA NvDLISR;C:\Program Files\Calibre2\;C:\Program Files\dotnet\;C:\Program Files\Common Files\Autodesk Shared\;C:\Program Files\Microsoft SQL Server\150\Tools\Binn\;C:\Program Files\Git\cmd;C:\Users\kimvt\AppData\Local\Programs\Python\Python311\Scripts\;C:\Users\kimvt\AppData\Local\Programs\Python\Python311\;C:\Users\kimvt\AppData\Local\Programs\Python\Launcher\;C:\Users\kimvt\AppData\Local\Microsoft\WindowsApps;C:\Users\kimvt\AppData\Local\Programs\Microsoft VS Code\bin;C:\Users\kimvt\Desktop\Flutter\flutter\bin;C:\flutter\bin;C:\Users\kimvt\AppData\Local\Android\Sdk;C:\Users\kimvt\AppData\Local\Android\Sdk\platform-tools;C:\Users\kimvt\Desktop\Flutter\flutter\bin;C:\Users\kimvt\AppData\Local\Programs\MiKTeX\miktex\bin\x64\;C:\Program Files\Zulu\zulu-21\bin\;
USERNAME=kimvt
OS=Windows_NT
PROCESSOR_IDENTIFIER=Intel64 Family 6 Model 165 Stepping 2, GenuineIntel
TMP=C:\Users\kimvt\AppData\Local\Temp
TEMP=C:\Users\kimvt\AppData\Local\Temp




Periodic native trim disabled

---------------  S Y S T E M  ---------------

OS:
 Windows 10 , 64 bit Build 19041 (10.0.19041.5678)
OS uptime: 8 days 0:57 hours

CPU: total 8 (initial active 8) (4 cores per cpu, 2 threads per core) family 6 model 165 stepping 2 microcode 0xec, cx8, cmov, fxsr, ht, mmx, 3dnowpref, sse, sse2, sse3, ssse3, sse4.1, sse4.2, popcnt, lzcnt, tsc, tscinvbit, avx, avx2, aes, erms, clmul, bmi1, bmi2, adx, fma, vzeroupper, clflush, clflushopt, rdtscp, f16c, pku
Processor Information for the first 8 processors :
  Max Mhz: 2496, Current Mhz: 2496, Mhz Limit: 2496

Memory: 4k page, system-wide physical 8059M (267M free)
TotalPageFile size 32635M (AvailPageFile size 0M)
current process WorkingSet (physical memory assigned to process): 197M, peak: 253M
current process commit charge ("private bytes"): 306M, peak: 342M

vm_info: OpenJDK 64-Bit Server VM (21.0.6+7-LTS) for windows-amd64 JRE (21.0.6+7-LTS), built on 2025-01-21T00:00:00Z by "admin" with MS VC++ 17.7 (VS2022)

END.
